Running on host compute069.bc4.acrc.priv
Time is Thu Feb 6 12:47:16 GMT 2025
Directory is /user/home/gb21553/HPC-LBM/lectures/STREAM
Slurm job ID is 11469286
This job runs on the following machines:
compute069
-------------------------------------------------------------
STREAM version $Revision: 5.10 $
-------------------------------------------------------------
This system uses 8 bytes per array element.
-------------------------------------------------------------
Array size = 10000000 (elements), Offset = 0 (elements)
Memory per array = 76.3 MiB (= 0.1 GiB).
Total memory required = 228.9 MiB (= 0.2 GiB).
Each kernel will be executed 10 times.
 The *best* time for each kernel (excluding the first iteration)
 will be used to compute the reported bandwidth.
-------------------------------------------------------------
Number of Threads requested = 14
Number of Threads counted = 14
-------------------------------------------------------------
Your clock granularity/precision appears to be 1 microseconds.
Each test below will take on the order of 4420 microseconds.
   (= 4420 clock ticks)
Increase the size of the arrays if this shows that
you are not getting at least 20 clock ticks per test.
-------------------------------------------------------------
WARNING -- The above is only a rough guideline.
For best results, please be sure you know the
precision of your system timer.
-------------------------------------------------------------
Function    Best Rate MB/s  Avg time     Min time     Max time
Copy:           27463.1     0.005841     0.005826     0.005865
Scale:          27013.2     0.005957     0.005923     0.005978
Add:            28249.2     0.008525     0.008496     0.008561
Triad:          28359.1     0.008480     0.008463     0.008496
-------------------------------------------------------------
Solution Validates: avg error less than 1.000000e-13 on all three arrays
-------------------------------------------------------------
